This file contains any messages produced by compilers while
running configure, to aid debugging if configure makes a mistake.

It was created by FULL-PACKAGE-NAME configure VERSION, which was
generated by GNU Autoconf 2.61.  Invocation command line was

  $ ./configure 

## --------- ##
## Platform. ##
## --------- ##

hostname = Bernd
uname -m = i686
uname -r = 2.6.24-19-generic
uname -s = Linux
uname -v = #1 SMP Wed Aug 20 22:56:21 UTC 2008

/usr/bin/uname -p = unknown
/bin/uname -X     = unknown

/bin/arch              = unknown
/usr/bin/arch -k       = unknown
/usr/convex/getsysinfo = unknown
/usr/bin/hostinfo      = unknown
/bin/machine           = unknown
/usr/bin/oslevel       = unknown
/bin/universe          = unknown

PATH: /home/exi/bin
PATH: /usr/local/sbin
PATH: /usr/local/bin
PATH: /usr/sbin
PATH: /usr/bin
PATH: /sbin
PATH: /bin
PATH: /usr/games


## ----------- ##
## Core tests. ##
## ----------- ##

configure:1768: checking for g++
configure:1784: found /usr/bin/g++
configure:1795: result: g++
configure:1826: checking for C++ compiler version
configure:1833: g++ --version >&5
g++ (GCC) 4.2.4 (Ubuntu 4.2.4-1ubuntu3)
Copyright (C) 2007 Free Software Foundation, Inc.
This is free software; see the source for copying conditions.  There is NO
warranty; not even for MERCHANTABILITY or FITNESS FOR A PARTICULAR PURPOSE.

configure:1836: $? = 0
configure:1843: g++ -v >&5
Using built-in specs.
Target: i486-linux-gnu
Configured with: ../src/configure -v --enable-languages=c,c++,fortran,objc,obj-c++,treelang --prefix=/usr --enable-shared --with-system-zlib --libexecdir=/usr/lib --without-included-gettext --enable-threads=posix --enable-nls --with-gxx-include-dir=/usr/include/c++/4.2 --program-suffix=-4.2 --enable-clocale=gnu --enable-libstdcxx-debug --enable-objc-gc --enable-mpfr --enable-targets=all --enable-checking=release --build=i486-linux-gnu --host=i486-linux-gnu --target=i486-linux-gnu
Thread model: posix
gcc version 4.2.4 (Ubuntu 4.2.4-1ubuntu3)
configure:1846: $? = 0
configure:1853: g++ -V >&5
g++: '-V' option must have argument
configure:1856: $? = 1
configure:1879: checking for C++ compiler default output file name
configure:1906: g++    conftest.cpp  >&5
configure:1909: $? = 0
configure:1947: result: a.out
configure:1964: checking whether the C++ compiler works
configure:1974: ./a.out
configure:1977: $? = 0
configure:1994: result: yes
configure:2001: checking whether we are cross compiling
configure:2003: result: no
configure:2006: checking for suffix of executables
configure:2013: g++ -o conftest    conftest.cpp  >&5
configure:2016: $? = 0
configure:2040: result: 
configure:2046: checking for suffix of object files
configure:2072: g++ -c   conftest.cpp >&5
configure:2075: $? = 0
configure:2098: result: o
configure:2102: checking whether we are using the GNU C++ compiler
configure:2131: g++ -c   conftest.cpp >&5
configure:2137: $? = 0
configure:2154: result: yes
configure:2159: checking whether g++ accepts -g
configure:2189: g++ -c -g  conftest.cpp >&5
configure:2195: $? = 0
configure:2294: result: yes
configure:2365: checking for gcc
configure:2381: found /usr/bin/gcc
configure:2392: result: gcc
configure:2630: checking for C compiler version
configure:2637: gcc --version >&5
gcc (GCC) 4.2.4 (Ubuntu 4.2.4-1ubuntu3)
Copyright (C) 2007 Free Software Foundation, Inc.
This is free software; see the source for copying conditions.  There is NO
warranty; not even for MERCHANTABILITY or FITNESS FOR A PARTICULAR PURPOSE.

configure:2640: $? = 0
configure:2647: gcc -v >&5
Using built-in specs.
Target: i486-linux-gnu
Configured with: ../src/configure -v --enable-languages=c,c++,fortran,objc,obj-c++,treelang --prefix=/usr --enable-shared --with-system-zlib --libexecdir=/usr/lib --without-included-gettext --enable-threads=posix --enable-nls --with-gxx-include-dir=/usr/include/c++/4.2 --program-suffix=-4.2 --enable-clocale=gnu --enable-libstdcxx-debug --enable-objc-gc --enable-mpfr --enable-targets=all --enable-checking=release --build=i486-linux-gnu --host=i486-linux-gnu --target=i486-linux-gnu
Thread model: posix
gcc version 4.2.4 (Ubuntu 4.2.4-1ubuntu3)
configure:2650: $? = 0
configure:2657: gcc -V >&5
gcc: '-V' option must have argument
configure:2660: $? = 1
configure:2663: checking whether we are using the GNU C compiler
configure:2692: gcc -c   conftest.c >&5
configure:2698: $? = 0
configure:2715: result: yes
configure:2720: checking whether gcc accepts -g
configure:2750: gcc -c -g  conftest.c >&5
configure:2756: $? = 0
configure:2855: result: yes
configure:2872: checking for gcc option to accept ISO C89
configure:2946: gcc  -c -g -O2  conftest.c >&5
configure:2952: $? = 0
configure:2975: result: none needed
configure:2998: checking for main in -lpthread
configure:3027: gcc -o conftest -g -O2   conftest.c -lpthread   >&5
configure:3033: $? = 0
configure:3051: result: yes
configure:3069: checking how to run the C preprocessor
configure:3109: gcc -E  conftest.c
configure:3115: $? = 0
configure:3146: gcc -E  conftest.c
conftest.c:9:28: error: ac_nonexistent.h: No such file or directory
configure:3152: $? = 1
configure: failed program was:
| /* confdefs.h.  */
| #define PACKAGE_NAME "FULL-PACKAGE-NAME"
| #define PACKAGE_TARNAME "full-package-name"
| #define PACKAGE_VERSION "VERSION"
| #define PACKAGE_STRING "FULL-PACKAGE-NAME VERSION"
| #define PACKAGE_BUGREPORT "BUG-REPORT-ADDRESS"
| #define HAVE_LIBPTHREAD 1
| /* end confdefs.h.  */
| #include <ac_nonexistent.h>
configure:3185: result: gcc -E
configure:3214: gcc -E  conftest.c
configure:3220: $? = 0
configure:3251: gcc -E  conftest.c
conftest.c:9:28: error: ac_nonexistent.h: No such file or directory
configure:3257: $? = 1
configure: failed program was:
| /* confdefs.h.  */
| #define PACKAGE_NAME "FULL-PACKAGE-NAME"
| #define PACKAGE_TARNAME "full-package-name"
| #define PACKAGE_VERSION "VERSION"
| #define PACKAGE_STRING "FULL-PACKAGE-NAME VERSION"
| #define PACKAGE_BUGREPORT "BUG-REPORT-ADDRESS"
| #define HAVE_LIBPTHREAD 1
| /* end confdefs.h.  */
| #include <ac_nonexistent.h>
configure:3295: checking for X
configure:3465: gcc -o conftest -g -O2   conftest.c -lX11 -lpthread  >&5
configure:3471: $? = 0
configure:3530: result: libraries , headers 
configure:3542: checking for dirent.h that defines DIR
configure:3571: gcc -c -g -O2  conftest.c >&5
configure:3577: $? = 0
configure:3593: result: yes
configure:3606: checking for library containing opendir
configure:3647: gcc -o conftest -g -O2   conftest.c -lpthread  >&5
configure:3653: $? = 0
configure:3681: result: none required
configure:3775: checking for grep that handles long lines and -e
configure:3849: result: /bin/grep
configure:3854: checking for egrep
configure:3932: result: /bin/grep -E
configure:3937: checking for ANSI C header files
configure:3967: gcc -c -g -O2  conftest.c >&5
configure:3973: $? = 0
configure:4072: gcc -o conftest -g -O2   conftest.c -lpthread  >&5
configure:4075: $? = 0
configure:4081: ./conftest
configure:4084: $? = 0
configure:4101: result: yes
configure:4125: checking for sys/types.h
configure:4146: gcc -c -g -O2  conftest.c >&5
configure:4152: $? = 0
configure:4168: result: yes
configure:4125: checking for sys/stat.h
configure:4146: gcc -c -g -O2  conftest.c >&5
configure:4152: $? = 0
configure:4168: result: yes
configure:4125: checking for stdlib.h
configure:4146: gcc -c -g -O2  conftest.c >&5
configure:4152: $? = 0
configure:4168: result: yes
configure:4125: checking for string.h
configure:4146: gcc -c -g -O2  conftest.c >&5
configure:4152: $? = 0
configure:4168: result: yes
configure:4125: checking for memory.h
configure:4146: gcc -c -g -O2  conftest.c >&5
configure:4152: $? = 0
configure:4168: result: yes
configure:4125: checking for strings.h
configure:4146: gcc -c -g -O2  conftest.c >&5
configure:4152: $? = 0
configure:4168: result: yes
configure:4125: checking for inttypes.h
configure:4146: gcc -c -g -O2  conftest.c >&5
configure:4152: $? = 0
configure:4168: result: yes
configure:4125: checking for stdint.h
configure:4146: gcc -c -g -O2  conftest.c >&5
configure:4152: $? = 0
configure:4168: result: yes
configure:4125: checking for unistd.h
configure:4146: gcc -c -g -O2  conftest.c >&5
configure:4152: $? = 0
configure:4168: result: yes
configure:4206: checking arpa/inet.h usability
configure:4223: gcc -c -g -O2  conftest.c >&5
configure:4229: $? = 0
configure:4243: result: yes
configure:4247: checking arpa/inet.h presence
configure:4262: gcc -E  conftest.c
configure:4268: $? = 0
configure:4282: result: yes
configure:4315: checking for arpa/inet.h
configure:4323: result: yes
configure:4206: checking fcntl.h usability
configure:4223: gcc -c -g -O2  conftest.c >&5
configure:4229: $? = 0
configure:4243: result: yes
configure:4247: checking fcntl.h presence
configure:4262: gcc -E  conftest.c
configure:4268: $? = 0
configure:4282: result: yes
configure:4315: checking for fcntl.h
configure:4323: result: yes
configure:4196: checking for inttypes.h
configure:4202: result: yes
configure:4206: checking limits.h usability
configure:4223: gcc -c -g -O2  conftest.c >&5
configure:4229: $? = 0
configure:4243: result: yes
configure:4247: checking limits.h presence
configure:4262: gcc -E  conftest.c
configure:4268: $? = 0
configure:4282: result: yes
configure:4315: checking for limits.h
configure:4323: result: yes
configure:4206: checking netdb.h usability
configure:4223: gcc -c -g -O2  conftest.c >&5
configure:4229: $? = 0
configure:4243: result: yes
configure:4247: checking netdb.h presence
configure:4262: gcc -E  conftest.c
configure:4268: $? = 0
configure:4282: result: yes
configure:4315: checking for netdb.h
configure:4323: result: yes
configure:4206: checking netinet/in.h usability
configure:4223: gcc -c -g -O2  conftest.c >&5
configure:4229: $? = 0
configure:4243: result: yes
configure:4247: checking netinet/in.h presence
configure:4262: gcc -E  conftest.c
configure:4268: $? = 0
configure:4282: result: yes
configure:4315: checking for netinet/in.h
configure:4323: result: yes
configure:4196: checking for stdlib.h
configure:4202: result: yes
configure:4196: checking for string.h
configure:4202: result: yes
configure:4206: checking sys/param.h usability
configure:4223: gcc -c -g -O2  conftest.c >&5
configure:4229: $? = 0
configure:4243: result: yes
configure:4247: checking sys/param.h presence
configure:4262: gcc -E  conftest.c
configure:4268: $? = 0
configure:4282: result: yes
configure:4315: checking for sys/param.h
configure:4323: result: yes
configure:4206: checking sys/socket.h usability
configure:4223: gcc -c -g -O2  conftest.c >&5
configure:4229: $? = 0
configure:4243: result: yes
configure:4247: checking sys/socket.h presence
configure:4262: gcc -E  conftest.c
configure:4268: $? = 0
configure:4282: result: yes
configure:4315: checking for sys/socket.h
configure:4323: result: yes
configure:4206: checking sys/time.h usability
configure:4223: gcc -c -g -O2  conftest.c >&5
configure:4229: $? = 0
configure:4243: result: yes
configure:4247: checking sys/time.h presence
configure:4262: gcc -E  conftest.c
configure:4268: $? = 0
configure:4282: result: yes
configure:4315: checking for sys/time.h
configure:4323: result: yes
configure:4196: checking for unistd.h
configure:4202: result: yes
configure:4338: checking for stdbool.h that conforms to C99
configure:4431: gcc -c -g -O2  conftest.c >&5
configure:4437: $? = 0
configure:4452: result: yes
configure:4454: checking for _Bool
configure:4484: gcc -c -g -O2  conftest.c >&5
configure:4490: $? = 0
configure:4505: result: yes
configure:4524: checking for an ANSI C-conforming const
configure:4599: gcc -c -g -O2  conftest.c >&5
configure:4605: $? = 0
configure:4620: result: yes
configure:4630: checking for inline
configure:4656: gcc -c -g -O2  conftest.c >&5
configure:4662: $? = 0
configure:4680: result: inline
configure:4699: checking for size_t
configure:4729: gcc -c -g -O2  conftest.c >&5
configure:4735: $? = 0
configure:4750: result: yes
configure:4762: checking for ssize_t
configure:4792: gcc -c -g -O2  conftest.c >&5
configure:4798: $? = 0
configure:4813: result: yes
configure:4825: checking whether time.h and sys/time.h may both be included
configure:4855: gcc -c -g -O2  conftest.c >&5
configure:4861: $? = 0
configure:4876: result: yes
configure:4886: checking whether struct tm is in sys/time.h or time.h
configure:4916: gcc -c -g -O2  conftest.c >&5
configure:4922: $? = 0
configure:4937: result: time.h
configure:4947: checking for ptrdiff_t
configure:4977: gcc -c -g -O2  conftest.c >&5
configure:4983: $? = 0
configure:4998: result: yes
configure:5011: checking whether closedir returns void
configure:5045: gcc -o conftest -g -O2   conftest.c -lpthread  >&5
configure:5048: $? = 0
configure:5054: ./conftest
configure:5057: $? = 0
configure:5073: result: no
configure:5083: checking for error_at_line
configure:5109: gcc -o conftest -g -O2   conftest.c -lpthread  >&5
configure:5115: $? = 0
configure:5132: result: yes
configure:5159: checking sys/select.h usability
configure:5176: gcc -c -g -O2  conftest.c >&5
configure:5182: $? = 0
configure:5196: result: yes
configure:5200: checking sys/select.h presence
configure:5215: gcc -E  conftest.c
configure:5221: $? = 0
configure:5235: result: yes
configure:5268: checking for sys/select.h
configure:5276: result: yes
configure:5149: checking for sys/socket.h
configure:5155: result: yes
configure:5289: checking types of arguments for select
configure:5327: gcc -c -g -O2  conftest.c >&5
configure:5333: $? = 0
configure:5354: result: int,fd_set *,struct timeval *
configure:5377: checking return type of signal handlers
configure:5405: gcc -c -g -O2  conftest.c >&5
conftest.c: In function 'main':
conftest.c:47: error: void value not ignored as it ought to be
configure:5411: $? = 1
configure: failed program was:
| /* confdefs.h.  */
| #define PACKAGE_NAME "FULL-PACKAGE-NAME"
| #define PACKAGE_TARNAME "full-package-name"
| #define PACKAGE_VERSION "VERSION"
| #define PACKAGE_STRING "FULL-PACKAGE-NAME VERSION"
| #define PACKAGE_BUGREPORT "BUG-REPORT-ADDRESS"
| #define HAVE_LIBPTHREAD 1
| #define HAVE_DIRENT_H 1
| #define STDC_HEADERS 1
| #define HAVE_SYS_TYPES_H 1
| #define HAVE_SYS_STAT_H 1
| #define HAVE_STDLIB_H 1
| #define HAVE_STRING_H 1
| #define HAVE_MEMORY_H 1
| #define HAVE_STRINGS_H 1
| #define HAVE_INTTYPES_H 1
| #define HAVE_STDINT_H 1
| #define HAVE_UNISTD_H 1
| #define HAVE_ARPA_INET_H 1
| #define HAVE_FCNTL_H 1
| #define HAVE_INTTYPES_H 1
| #define HAVE_LIMITS_H 1
| #define HAVE_NETDB_H 1
| #define HAVE_NETINET_IN_H 1
| #define HAVE_STDLIB_H 1
| #define HAVE_STRING_H 1
| #define HAVE_SYS_PARAM_H 1
| #define HAVE_SYS_SOCKET_H 1
| #define HAVE_SYS_TIME_H 1
| #define HAVE_UNISTD_H 1
| #define HAVE__BOOL 1
| #define HAVE_STDBOOL_H 1
| #define TIME_WITH_SYS_TIME 1
| #define HAVE_PTRDIFF_T 1
| #define HAVE_SYS_SELECT_H 1
| #define HAVE_SYS_SOCKET_H 1
| #define SELECT_TYPE_ARG1 int
| #define SELECT_TYPE_ARG234 (fd_set *)
| #define SELECT_TYPE_ARG5 (struct timeval *)
| /* end confdefs.h.  */
| #include <sys/types.h>
| #include <signal.h>
| 
| int
| main ()
| {
| return *(signal (0, 0)) (0) == 1;
|   ;
|   return 0;
| }
configure:5426: result: void
configure:5434: checking whether lstat dereferences a symlink specified with a trailing slash
configure:5470: gcc -o conftest -g -O2   conftest.c -lpthread  >&5
configure:5473: $? = 0
configure:5479: ./conftest
configure:5482: $? = 0
configure:5505: result: yes
configure:5524: checking whether stat accepts an empty string
configure:5554: gcc -o conftest -g -O2   conftest.c -lpthread  >&5
configure:5557: $? = 0
configure:5563: ./conftest
configure:5566: $? = 0
configure:5582: result: no
configure:5616: checking for floor
configure:5672: gcc -o conftest -g -O2   conftest.c -lpthread  >&5
conftest.c:66: warning: conflicting types for built-in function 'floor'
/tmp/cc8H2NEc.o: In function `main':
/home/exi/src/eclipse/grav/tmp/conftest.c:77: undefined reference to `floor'
collect2: ld returned 1 exit status
configure:5678: $? = 1
configure: failed program was:
| /* confdefs.h.  */
| #define PACKAGE_NAME "FULL-PACKAGE-NAME"
| #define PACKAGE_TARNAME "full-package-name"
| #define PACKAGE_VERSION "VERSION"
| #define PACKAGE_STRING "FULL-PACKAGE-NAME VERSION"
| #define PACKAGE_BUGREPORT "BUG-REPORT-ADDRESS"
| #define HAVE_LIBPTHREAD 1
| #define HAVE_DIRENT_H 1
| #define STDC_HEADERS 1
| #define HAVE_SYS_TYPES_H 1
| #define HAVE_SYS_STAT_H 1
| #define HAVE_STDLIB_H 1
| #define HAVE_STRING_H 1
| #define HAVE_MEMORY_H 1
| #define HAVE_STRINGS_H 1
| #define HAVE_INTTYPES_H 1
| #define HAVE_STDINT_H 1
| #define HAVE_UNISTD_H 1
| #define HAVE_ARPA_INET_H 1
| #define HAVE_FCNTL_H 1
| #define HAVE_INTTYPES_H 1
| #define HAVE_LIMITS_H 1
| #define HAVE_NETDB_H 1
| #define HAVE_NETINET_IN_H 1
| #define HAVE_STDLIB_H 1
| #define HAVE_STRING_H 1
| #define HAVE_SYS_PARAM_H 1
| #define HAVE_SYS_SOCKET_H 1
| #define HAVE_SYS_TIME_H 1
| #define HAVE_UNISTD_H 1
| #define HAVE__BOOL 1
| #define HAVE_STDBOOL_H 1
| #define TIME_WITH_SYS_TIME 1
| #define HAVE_PTRDIFF_T 1
| #define HAVE_SYS_SELECT_H 1
| #define HAVE_SYS_SOCKET_H 1
| #define SELECT_TYPE_ARG1 int
| #define SELECT_TYPE_ARG234 (fd_set *)
| #define SELECT_TYPE_ARG5 (struct timeval *)
| #define RETSIGTYPE void
| #define LSTAT_FOLLOWS_SLASHED_SYMLINK 1
| /* end confdefs.h.  */
| /* Define floor to an innocuous variant, in case <limits.h> declares floor.
|    For example, HP-UX 11i <limits.h> declares gettimeofday.  */
| #define floor innocuous_floor
| 
| /* System header to define __stub macros and hopefully few prototypes,
|     which can conflict with char floor (); below.
|     Prefer <limits.h> to <assert.h> if __STDC__ is defined, since
|     <limits.h> exists even on freestanding compilers.  */
| 
| #ifdef __STDC__
| # include <limits.h>
| #else
| # include <assert.h>
| #endif
| 
| #undef floor
| 
| /* Override any GCC internal prototype to avoid an error.
|    Use char because int might match the return type of a GCC
|    builtin and then its argument prototype would still apply.  */
| #ifdef __cplusplus
| extern "C"
| #endif
| char floor ();
| /* The GNU C library defines this for functions which it implements
|     to always fail with ENOSYS.  Some functions are actually named
|     something starting with __ and the normal name is an alias.  */
| #if defined __stub_floor || defined __stub___floor
| choke me
| #endif
| 
| int
| main ()
| {
| return floor ();
|   ;
|   return 0;
| }
configure:5696: result: no
configure:5616: checking for getcwd
configure:5672: gcc -o conftest -g -O2   conftest.c -lpthread  >&5
configure:5678: $? = 0
configure:5696: result: yes
configure:5616: checking for gethostbyaddr
configure:5672: gcc -o conftest -g -O2   conftest.c -lpthread  >&5
configure:5678: $? = 0
configure:5696: result: yes
configure:5616: checking for gethostbyname
configure:5672: gcc -o conftest -g -O2   conftest.c -lpthread  >&5
configure:5678: $? = 0
configure:5696: result: yes
configure:5616: checking for gethostname
configure:5672: gcc -o conftest -g -O2   conftest.c -lpthread  >&5
configure:5678: $? = 0
configure:5696: result: yes
configure:5616: checking for gettimeofday
configure:5672: gcc -o conftest -g -O2   conftest.c -lpthread  >&5
configure:5678: $? = 0
configure:5696: result: yes
configure:5616: checking for inet_ntoa
configure:5672: gcc -o conftest -g -O2   conftest.c -lpthread  >&5
configure:5678: $? = 0
configure:5696: result: yes
configure:5616: checking for memmove
configure:5672: gcc -o conftest -g -O2   conftest.c -lpthread  >&5
conftest.c:72: warning: conflicting types for built-in function 'memmove'
configure:5678: $? = 0
configure:5696: result: yes
configure:5616: checking for memset
configure:5672: gcc -o conftest -g -O2   conftest.c -lpthread  >&5
conftest.c:73: warning: conflicting types for built-in function 'memset'
configure:5678: $? = 0
configure:5696: result: yes
configure:5616: checking for mkdir
configure:5672: gcc -o conftest -g -O2   conftest.c -lpthread  >&5
configure:5678: $? = 0
configure:5696: result: yes
configure:5616: checking for pow
configure:5672: gcc -o conftest -g -O2   conftest.c -lpthread  >&5
conftest.c:75: warning: conflicting types for built-in function 'pow'
/tmp/cc2OOT9X.o: In function `main':
/home/exi/src/eclipse/grav/tmp/conftest.c:86: undefined reference to `pow'
collect2: ld returned 1 exit status
configure:5678: $? = 1
configure: failed program was:
| /* confdefs.h.  */
| #define PACKAGE_NAME "FULL-PACKAGE-NAME"
| #define PACKAGE_TARNAME "full-package-name"
| #define PACKAGE_VERSION "VERSION"
| #define PACKAGE_STRING "FULL-PACKAGE-NAME VERSION"
| #define PACKAGE_BUGREPORT "BUG-REPORT-ADDRESS"
| #define HAVE_LIBPTHREAD 1
| #define HAVE_DIRENT_H 1
| #define STDC_HEADERS 1
| #define HAVE_SYS_TYPES_H 1
| #define HAVE_SYS_STAT_H 1
| #define HAVE_STDLIB_H 1
| #define HAVE_STRING_H 1
| #define HAVE_MEMORY_H 1
| #define HAVE_STRINGS_H 1
| #define HAVE_INTTYPES_H 1
| #define HAVE_STDINT_H 1
| #define HAVE_UNISTD_H 1
| #define HAVE_ARPA_INET_H 1
| #define HAVE_FCNTL_H 1
| #define HAVE_INTTYPES_H 1
| #define HAVE_LIMITS_H 1
| #define HAVE_NETDB_H 1
| #define HAVE_NETINET_IN_H 1
| #define HAVE_STDLIB_H 1
| #define HAVE_STRING_H 1
| #define HAVE_SYS_PARAM_H 1
| #define HAVE_SYS_SOCKET_H 1
| #define HAVE_SYS_TIME_H 1
| #define HAVE_UNISTD_H 1
| #define HAVE__BOOL 1
| #define HAVE_STDBOOL_H 1
| #define TIME_WITH_SYS_TIME 1
| #define HAVE_PTRDIFF_T 1
| #define HAVE_SYS_SELECT_H 1
| #define HAVE_SYS_SOCKET_H 1
| #define SELECT_TYPE_ARG1 int
| #define SELECT_TYPE_ARG234 (fd_set *)
| #define SELECT_TYPE_ARG5 (struct timeval *)
| #define RETSIGTYPE void
| #define LSTAT_FOLLOWS_SLASHED_SYMLINK 1
| #define HAVE_GETCWD 1
| #define HAVE_GETHOSTBYADDR 1
| #define HAVE_GETHOSTBYNAME 1
| #define HAVE_GETHOSTNAME 1
| #define HAVE_GETTIMEOFDAY 1
| #define HAVE_INET_NTOA 1
| #define HAVE_MEMMOVE 1
| #define HAVE_MEMSET 1
| #define HAVE_MKDIR 1
| /* end confdefs.h.  */
| /* Define pow to an innocuous variant, in case <limits.h> declares pow.
|    For example, HP-UX 11i <limits.h> declares gettimeofday.  */
| #define pow innocuous_pow
| 
| /* System header to define __stub macros and hopefully few prototypes,
|     which can conflict with char pow (); below.
|     Prefer <limits.h> to <assert.h> if __STDC__ is defined, since
|     <limits.h> exists even on freestanding compilers.  */
| 
| #ifdef __STDC__
| # include <limits.h>
| #else
| # include <assert.h>
| #endif
| 
| #undef pow
| 
| /* Override any GCC internal prototype to avoid an error.
|    Use char because int might match the return type of a GCC
|    builtin and then its argument prototype would still apply.  */
| #ifdef __cplusplus
| extern "C"
| #endif
| char pow ();
| /* The GNU C library defines this for functions which it implements
|     to always fail with ENOSYS.  Some functions are actually named
|     something starting with __ and the normal name is an alias.  */
| #if defined __stub_pow || defined __stub___pow
| choke me
| #endif
| 
| int
| main ()
| {
| return pow ();
|   ;
|   return 0;
| }
configure:5696: result: no
configure:5616: checking for realpath
configure:5672: gcc -o conftest -g -O2   conftest.c -lpthread  >&5
configure:5678: $? = 0
configure:5696: result: yes
configure:5616: checking for select
configure:5672: gcc -o conftest -g -O2   conftest.c -lpthread  >&5
configure:5678: $? = 0
configure:5696: result: yes
configure:5616: checking for socket
configure:5672: gcc -o conftest -g -O2   conftest.c -lpthread  >&5
configure:5678: $? = 0
configure:5696: result: yes
configure:5616: checking for sqrt
configure:5672: gcc -o conftest -g -O2   conftest.c -lpthread  >&5
conftest.c:78: warning: conflicting types for built-in function 'sqrt'
/tmp/cc00d6zs.o: In function `main':
/home/exi/src/eclipse/grav/tmp/conftest.c:89: undefined reference to `sqrt'
collect2: ld returned 1 exit status
configure:5678: $? = 1
configure: failed program was:
| /* confdefs.h.  */
| #define PACKAGE_NAME "FULL-PACKAGE-NAME"
| #define PACKAGE_TARNAME "full-package-name"
| #define PACKAGE_VERSION "VERSION"
| #define PACKAGE_STRING "FULL-PACKAGE-NAME VERSION"
| #define PACKAGE_BUGREPORT "BUG-REPORT-ADDRESS"
| #define HAVE_LIBPTHREAD 1
| #define HAVE_DIRENT_H 1
| #define STDC_HEADERS 1
| #define HAVE_SYS_TYPES_H 1
| #define HAVE_SYS_STAT_H 1
| #define HAVE_STDLIB_H 1
| #define HAVE_STRING_H 1
| #define HAVE_MEMORY_H 1
| #define HAVE_STRINGS_H 1
| #define HAVE_INTTYPES_H 1
| #define HAVE_STDINT_H 1
| #define HAVE_UNISTD_H 1
| #define HAVE_ARPA_INET_H 1
| #define HAVE_FCNTL_H 1
| #define HAVE_INTTYPES_H 1
| #define HAVE_LIMITS_H 1
| #define HAVE_NETDB_H 1
| #define HAVE_NETINET_IN_H 1
| #define HAVE_STDLIB_H 1
| #define HAVE_STRING_H 1
| #define HAVE_SYS_PARAM_H 1
| #define HAVE_SYS_SOCKET_H 1
| #define HAVE_SYS_TIME_H 1
| #define HAVE_UNISTD_H 1
| #define HAVE__BOOL 1
| #define HAVE_STDBOOL_H 1
| #define TIME_WITH_SYS_TIME 1
| #define HAVE_PTRDIFF_T 1
| #define HAVE_SYS_SELECT_H 1
| #define HAVE_SYS_SOCKET_H 1
| #define SELECT_TYPE_ARG1 int
| #define SELECT_TYPE_ARG234 (fd_set *)
| #define SELECT_TYPE_ARG5 (struct timeval *)
| #define RETSIGTYPE void
| #define LSTAT_FOLLOWS_SLASHED_SYMLINK 1
| #define HAVE_GETCWD 1
| #define HAVE_GETHOSTBYADDR 1
| #define HAVE_GETHOSTBYNAME 1
| #define HAVE_GETHOSTNAME 1
| #define HAVE_GETTIMEOFDAY 1
| #define HAVE_INET_NTOA 1
| #define HAVE_MEMMOVE 1
| #define HAVE_MEMSET 1
| #define HAVE_MKDIR 1
| #define HAVE_REALPATH 1
| #define HAVE_SELECT 1
| #define HAVE_SOCKET 1
| /* end confdefs.h.  */
| /* Define sqrt to an innocuous variant, in case <limits.h> declares sqrt.
|    For example, HP-UX 11i <limits.h> declares gettimeofday.  */
| #define sqrt innocuous_sqrt
| 
| /* System header to define __stub macros and hopefully few prototypes,
|     which can conflict with char sqrt (); below.
|     Prefer <limits.h> to <assert.h> if __STDC__ is defined, since
|     <limits.h> exists even on freestanding compilers.  */
| 
| #ifdef __STDC__
| # include <limits.h>
| #else
| # include <assert.h>
| #endif
| 
| #undef sqrt
| 
| /* Override any GCC internal prototype to avoid an error.
|    Use char because int might match the return type of a GCC
|    builtin and then its argument prototype would still apply.  */
| #ifdef __cplusplus
| extern "C"
| #endif
| char sqrt ();
| /* The GNU C library defines this for functions which it implements
|     to always fail with ENOSYS.  Some functions are actually named
|     something starting with __ and the normal name is an alias.  */
| #if defined __stub_sqrt || defined __stub___sqrt
| choke me
| #endif
| 
| int
| main ()
| {
| return sqrt ();
|   ;
|   return 0;
| }
configure:5696: result: no
configure:5809: creating ./config.status

## ---------------------- ##
## Running config.status. ##
## ---------------------- ##

This file was extended by FULL-PACKAGE-NAME config.status VERSION, which was
generated by GNU Autoconf 2.61.  Invocation command line was

  CONFIG_FILES    = 
  CONFIG_HEADERS  = 
  CONFIG_LINKS    = 
  CONFIG_COMMANDS = 
  $ ./config.status 

on Bernd

config.status:581: error: cannot find input file: Makefile.in

## ---------------- ##
## Cache variables. ##
## ---------------- ##

ac_cv_c_compiler_gnu=yes
ac_cv_c_const=yes
ac_cv_c_inline=inline
ac_cv_cxx_compiler_gnu=yes
ac_cv_env_CCC_set=
ac_cv_env_CCC_value=
ac_cv_env_CC_set=
ac_cv_env_CC_value=
ac_cv_env_CFLAGS_set=
ac_cv_env_CFLAGS_value=
ac_cv_env_CPPFLAGS_set=
ac_cv_env_CPPFLAGS_value=
ac_cv_env_CPP_set=
ac_cv_env_CPP_value=
ac_cv_env_CXXFLAGS_set=
ac_cv_env_CXXFLAGS_value=
ac_cv_env_CXX_set=
ac_cv_env_CXX_value=
ac_cv_env_LDFLAGS_set=
ac_cv_env_LDFLAGS_value=
ac_cv_env_LIBS_set=
ac_cv_env_LIBS_value=
ac_cv_env_XMKMF_set=
ac_cv_env_XMKMF_value=
ac_cv_env_build_alias_set=
ac_cv_env_build_alias_value=
ac_cv_env_host_alias_set=
ac_cv_env_host_alias_value=
ac_cv_env_target_alias_set=
ac_cv_env_target_alias_value=
ac_cv_func_closedir_void=no
ac_cv_func_floor=no
ac_cv_func_getcwd=yes
ac_cv_func_gethostbyaddr=yes
ac_cv_func_gethostbyname=yes
ac_cv_func_gethostname=yes
ac_cv_func_gettimeofday=yes
ac_cv_func_inet_ntoa=yes
ac_cv_func_lstat_dereferences_slashed_symlink=yes
ac_cv_func_memmove=yes
ac_cv_func_memset=yes
ac_cv_func_mkdir=yes
ac_cv_func_pow=no
ac_cv_func_realpath=yes
ac_cv_func_select=yes
ac_cv_func_select_args='int,fd_set *,struct timeval *'
ac_cv_func_socket=yes
ac_cv_func_sqrt=no
ac_cv_func_stat_empty_string_bug=no
ac_cv_have_x='have_x=yes	ac_x_includes='\'''\''	ac_x_libraries='\'''\'''
ac_cv_header_arpa_inet_h=yes
ac_cv_header_dirent_dirent_h=yes
ac_cv_header_fcntl_h=yes
ac_cv_header_inttypes_h=yes
ac_cv_header_limits_h=yes
ac_cv_header_memory_h=yes
ac_cv_header_netdb_h=yes
ac_cv_header_netinet_in_h=yes
ac_cv_header_stdbool_h=yes
ac_cv_header_stdc=yes
ac_cv_header_stdint_h=yes
ac_cv_header_stdlib_h=yes
ac_cv_header_string_h=yes
ac_cv_header_strings_h=yes
ac_cv_header_sys_param_h=yes
ac_cv_header_sys_select_h=yes
ac_cv_header_sys_socket_h=yes
ac_cv_header_sys_stat_h=yes
ac_cv_header_sys_time_h=yes
ac_cv_header_sys_types_h=yes
ac_cv_header_time=yes
ac_cv_header_unistd_h=yes
ac_cv_lib_error_at_line=yes
ac_cv_lib_pthread_main=yes
ac_cv_objext=o
ac_cv_path_EGREP='/bin/grep -E'
ac_cv_path_GREP=/bin/grep
ac_cv_prog_CPP='gcc -E'
ac_cv_prog_ac_ct_CC=gcc
ac_cv_prog_ac_ct_CXX=g++
ac_cv_prog_cc_c89=
ac_cv_prog_cc_g=yes
ac_cv_prog_cxx_g=yes
ac_cv_search_opendir='none required'
ac_cv_struct_tm=time.h
ac_cv_type__Bool=yes
ac_cv_type_ptrdiff_t=yes
ac_cv_type_signal=void
ac_cv_type_size_t=yes
ac_cv_type_ssize_t=yes

## ----------------- ##
## Output variables. ##
## ----------------- ##

CC='gcc'
CFLAGS='-g -O2'
CPP='gcc -E'
CPPFLAGS=''
CXX='g++'
CXXFLAGS='-g -O2'
DEFS='-DHAVE_CONFIG_H'
ECHO_C=''
ECHO_N='-n'
ECHO_T=''
EGREP='/bin/grep -E'
EXEEXT=''
GREP='/bin/grep'
LDFLAGS=''
LIBOBJS=''
LIBS='-lpthread '
LTLIBOBJS=''
OBJEXT='o'
PACKAGE_BUGREPORT='BUG-REPORT-ADDRESS'
PACKAGE_NAME='FULL-PACKAGE-NAME'
PACKAGE_STRING='FULL-PACKAGE-NAME VERSION'
PACKAGE_TARNAME='full-package-name'
PACKAGE_VERSION='VERSION'
PATH_SEPARATOR=':'
SHELL='/bin/bash'
XMKMF=''
ac_ct_CC='gcc'
ac_ct_CXX='g++'
bindir='${exec_prefix}/bin'
build_alias=''
datadir='${datarootdir}'
datarootdir='${prefix}/share'
docdir='${datarootdir}/doc/${PACKAGE_TARNAME}'
dvidir='${docdir}'
exec_prefix='${prefix}'
host_alias=''
htmldir='${docdir}'
includedir='${prefix}/include'
infodir='${datarootdir}/info'
libdir='${exec_prefix}/lib'
libexecdir='${exec_prefix}/libexec'
localedir='${datarootdir}/locale'
localstatedir='${prefix}/var'
mandir='${datarootdir}/man'
oldincludedir='/usr/include'
pdfdir='${docdir}'
prefix='/usr/local'
program_transform_name='s,x,x,'
psdir='${docdir}'
sbindir='${exec_prefix}/sbin'
sharedstatedir='${prefix}/com'
sysconfdir='${prefix}/etc'
target_alias=''

## ----------- ##
## confdefs.h. ##
## ----------- ##

#define PACKAGE_NAME "FULL-PACKAGE-NAME"
#define PACKAGE_TARNAME "full-package-name"
#define PACKAGE_VERSION "VERSION"
#define PACKAGE_STRING "FULL-PACKAGE-NAME VERSION"
#define PACKAGE_BUGREPORT "BUG-REPORT-ADDRESS"
#define HAVE_LIBPTHREAD 1
#define HAVE_DIRENT_H 1
#define STDC_HEADERS 1
#define HAVE_SYS_TYPES_H 1
#define HAVE_SYS_STAT_H 1
#define HAVE_STDLIB_H 1
#define HAVE_STRING_H 1
#define HAVE_MEMORY_H 1
#define HAVE_STRINGS_H 1
#define HAVE_INTTYPES_H 1
#define HAVE_STDINT_H 1
#define HAVE_UNISTD_H 1
#define HAVE_ARPA_INET_H 1
#define HAVE_FCNTL_H 1
#define HAVE_INTTYPES_H 1
#define HAVE_LIMITS_H 1
#define HAVE_NETDB_H 1
#define HAVE_NETINET_IN_H 1
#define HAVE_STDLIB_H 1
#define HAVE_STRING_H 1
#define HAVE_SYS_PARAM_H 1
#define HAVE_SYS_SOCKET_H 1
#define HAVE_SYS_TIME_H 1
#define HAVE_UNISTD_H 1
#define HAVE__BOOL 1
#define HAVE_STDBOOL_H 1
#define TIME_WITH_SYS_TIME 1
#define HAVE_PTRDIFF_T 1
#define HAVE_SYS_SELECT_H 1
#define HAVE_SYS_SOCKET_H 1
#define SELECT_TYPE_ARG1 int
#define SELECT_TYPE_ARG234 (fd_set *)
#define SELECT_TYPE_ARG5 (struct timeval *)
#define RETSIGTYPE void
#define LSTAT_FOLLOWS_SLASHED_SYMLINK 1
#define HAVE_GETCWD 1
#define HAVE_GETHOSTBYADDR 1
#define HAVE_GETHOSTBYNAME 1
#define HAVE_GETHOSTNAME 1
#define HAVE_GETTIMEOFDAY 1
#define HAVE_INET_NTOA 1
#define HAVE_MEMMOVE 1
#define HAVE_MEMSET 1
#define HAVE_MKDIR 1
#define HAVE_REALPATH 1
#define HAVE_SELECT 1
#define HAVE_SOCKET 1

configure: exit 1
